<?xml version="1.0" encoding="UTF-8"?>
<!-- Generated by org.testng.reporters.JUnitXMLReporter -->
<testsuite ignored="0" hostname="a-tlx22m8lzq0t" failures="0" tests="3" name="Default test" time="24.939" errors="0" timestamp="2022-05-02T13:37:52 IST">
  <testcase classname="AccessManager.TestAccess_Manager" name="Test_Login" time="0.501"/>
  <testcase classname="AccessManager.TestAccess_Manager" name="Test_NewUser" time="22.029"/>
  <testcase classname="AccessManager.TestAccess_Manager" name="Test_Device" time="2.367"/>
</testsuite> <!-- Default test -->
