<?xml version="1.0" encoding="UTF-8"?>
<testng-results ignored="0" total="3" passed="3" failed="0" skipped="0">
  <reporter-output>
  </reporter-output>
  <suite started-at="2022-05-02T13:37:27 IST" name="Default suite" finished-at="2022-05-02T13:37:52 IST" duration-ms="24939">
    <groups>
    </groups>
    <test started-at="2022-05-02T13:37:27 IST" name="Default test" finished-at="2022-05-02T13:37:52 IST" duration-ms="24939">
      <class name="AccessManager.TestAccess_Manager">
        <test-method signature="Test_Login()[pri:1, instance:AccessManager.TestAccess_Manager@146dcfe6]" started-at="2022-05-02T13:37:27 IST" name="Test_Login" finished-at="2022-05-02T13:37:27 IST" duration-ms="501" status="PASS">
          <reporter-output>
          </reporter-output>
        </test-method> <!-- Test_Login -->
        <test-method signature="Test_NewUser()[pri:2, instance:AccessManager.TestAccess_Manager@146dcfe6]" started-at="2022-05-02T13:37:27 IST" name="Test_NewUser" finished-at="2022-05-02T13:37:49 IST" duration-ms="22029" status="PASS">
          <reporter-output>
          </reporter-output>
        </test-method> <!-- Test_NewUser -->
        <test-method signature="Test_Device()[pri:3, instance:AccessManager.TestAccess_Manager@146dcfe6]" started-at="2022-05-02T13:37:49 IST" name="Test_Device" finished-at="2022-05-02T13:37:52 IST" duration-ms="2367" status="PASS">
          <reporter-output>
          </reporter-output>
        </test-method> <!-- Test_Device -->
      </class> <!-- AccessManager.TestAccess_Manager -->
    </test> <!-- Default test -->
  </suite> <!-- Default suite -->
</testng-results>
